Using pre-set license
Built from '2020.3/release' branch; Version is '2020.3.1f1 (77a89f25062f) revision 7841951'; Using compiler version '192528614'; Build Type 'Release'
OS: 'Windows 10 Pro; OS build 19041.985; Version 2004; 64bit' Language: 'es' Physical Memory: 16268 MB
BatchMode: 1, IsHumanControllingUs: 0, StartBugReporterOnCrash: 0, Is64bit: 1, IsPro: 0

 COMMAND LINE ARGUMENTS:
C:\Program Files\Unity\Hub\Editor\2020.3.1f1\Editor\Unity.exe
-adb2
-batchMode
-noUpm
-name
AssetImportWorker0
-projectPath
C:/Users/Julen/Desktop/Julen/Unity/UEMGalacticJam/UEMGalacticJam
-logFile
Logs/AssetImportWorker0.log
-srvPort
52582
Successfully changed project path to: C:/Users/Julen/Desktop/Julen/Unity/UEMGalacticJam/UEMGalacticJam
C:/Users/Julen/Desktop/Julen/Unity/UEMGalacticJam/UEMGalacticJam
Using Asset Import Pipeline V2.
Refreshing native plugins compatible for Editor in 30.39 ms, found 0 plugins.
Preloading 0 native plugins for Editor in 0.00 ms.
Initialize engine version: 2020.3.1f1 (77a89f25062f)
[Subsystems] Discovering subsystems at path C:/Program Files/Unity/Hub/Editor/2020.3.1f1/Editor/Data/Resources/UnitySubsystems
[Subsystems] Discovering subsystems at path C:/Users/Julen/Desktop/Julen/Unity/UEMGalacticJam/UEMGalacticJam/Assets
GfxDevice: creating device client; threaded=0
Direct3D:
    Version:  Direct3D 11.0 [level 11.1]
    Renderer: NVIDIA GeForce GTX 1050 (ID=0x1c8d)
    Vendor:   
    VRAM:     4021 MB
    Driver:   27.21.14.6627
Initialize mono
Mono path[0] = 'C:/Program Files/Unity/Hub/Editor/2020.3.1f1/Editor/Data/Managed'
Mono path[1] = 'C:/Program Files/Unity/Hub/Editor/2020.3.1f1/Editor/Data/MonoBleedingEdge/lib/mono/unityjit'
Mono config path = 'C:/Program Files/Unity/Hub/Editor/2020.3.1f1/Editor/Data/MonoBleedingEdge/etc'
Using monoOptions --debugger-agent=transport=dt_socket,embedding=1,server=y,suspend=n,address=127.0.0.1:56328
Begin MonoManager ReloadAssembly
Registering precompiled unity dll's ...
Register platform support module: C:/Program Files/Unity/Hub/Editor/2020.3.1f1/Editor/Data/PlaybackEngines/WebGLSupport/UnityEditor.WebGL.Extensions.dll
Register platform support module: C:/Program Files/Unity/Hub/Editor/2020.3.1f1/Editor/Data/PlaybackEngines/WindowsStandaloneSupport/UnityEditor.WindowsStandalone.Extensions.dll
Registered in 0.002940 seconds.
Native extension for WindowsStandalone target not found
Native extension for WebGL target not found
Refreshing native plugins compatible for Editor in 29.83 ms, found 0 plugins.
Preloading 0 native plugins for Editor in 0.00 ms.
Invoked RoslynAnalysisRunner static constructor.
RoslynAnalysisRunner will not be running.
RoslynAnalysisRunner has terminated.
Mono: successfully reloaded assembly
- Completed reload, in  3.196 seconds
Platform modules already initialized, skipping
Registering precompiled user dll's ...
Registered in 0.001242 seconds.
Begin MonoManager ReloadAssembly
Native extension for WindowsStandalone target not found
Native extension for WebGL target not found
Refreshing native plugins compatible for Editor in 0.20 ms, found 0 plugins.
Preloading 0 native plugins for Editor in 0.00 ms.
Invoked RoslynAnalysisRunner static constructor.
RoslynAnalysisRunner will not be running.
RoslynAnalysisRunner has terminated.
Mono: successfully reloaded assembly
- Completed reload, in  1.170 seconds
Platform modules already initialized, skipping
========================================================================
Worker process is ready to serve import requests
Launched and connected shader compiler UnityShaderCompiler.exe after 0.07 seconds
Refreshing native plugins compatible for Editor in 0.23 ms, found 0 plugins.
Preloading 0 native plugins for Editor in 0.00 ms.
Unloading 1113 Unused Serialized files (Serialized files now loaded: 0)
System memory in use before: 56.8 MB.
System memory in use after: 56.9 MB.

Unloading 10 unused Assets to reduce memory usage. Loaded Objects now: 1555.
Total: 3.436500 ms (FindLiveObjects: 0.197800 ms CreateObjectMapping: 0.100100 ms MarkObjects: 3.035700 ms  DeleteObjects: 0.101200 ms)

========================================================================
Received Import Request.
  path: Assets/_MisAssets
  artifactKey: Guid(877e58eaa2a827646b6d25ed249943da) Importer(815301076,1909f56bfc062723c751e8b465ee728b)
Start importing Assets/_MisAssets using Guid(877e58eaa2a827646b6d25ed249943da) Importer(815301076,1909f56bfc062723c751e8b465ee728b)  -> (artifact id: 'a18497971ad5d13c5724e6a175cd26a9') in 0.012286 seconds
  Import took 0.015951 seconds .

========================================================================
Received Import Request.
  Time since last request: 0.000403 seconds.
  path: Assets/Scenes
  artifactKey: Guid(81ac5829c68dc6f41b59bf0fdf6c139e) Importer(815301076,1909f56bfc062723c751e8b465ee728b)
Start importing Assets/Scenes using Guid(81ac5829c68dc6f41b59bf0fdf6c139e) Importer(815301076,1909f56bfc062723c751e8b465ee728b)  -> (artifact id: '742d3042952d0d62134650e0f2c0a07e') in 0.011520 seconds
  Import took 0.014525 seconds .

========================================================================
Received Import Request.
  Time since last request: 0.000334 seconds.
  path: Assets/Scenes/SampleScene.unity
  artifactKey: Guid(9fc0d4010bbf28b4594072e72b8655ab) Importer(815301076,1909f56bfc062723c751e8b465ee728b)
Start importing Assets/Scenes/SampleScene.unity using Guid(9fc0d4010bbf28b4594072e72b8655ab) Importer(815301076,1909f56bfc062723c751e8b465ee728b)  -> (artifact id: '9a0c7bd3eade52b464e03a3fa19ccb01') in 0.026495 seconds
  Import took 0.030928 seconds .

========================================================================
Received Import Request.
  Time since last request: 0.012941 seconds.
  path: Assets/Scenes/SampleScene.unity
  artifactKey: Guid(9fc0d4010bbf28b4594072e72b8655ab) Importer(815301076,1909f56bfc062723c751e8b465ee728b)
Start importing Assets/Scenes/SampleScene.unity using Guid(9fc0d4010bbf28b4594072e72b8655ab) Importer(815301076,1909f56bfc062723c751e8b465ee728b)  -> (artifact id: '9a0c7bd3eade52b464e03a3fa19ccb01') in 0.004573 seconds
  Import took 0.007777 seconds .

========================================================================
Received Import Request.
  Time since last request: 12.529524 seconds.
  path: Assets/Scenes/JulenBordonabaTestScene.unity
  artifactKey: Guid(f48f5a009355df14e883aedeb339963d) Importer(815301076,1909f56bfc062723c751e8b465ee728b)
Start importing Assets/Scenes/JulenBordonabaTestScene.unity using Guid(f48f5a009355df14e883aedeb339963d) Importer(815301076,1909f56bfc062723c751e8b465ee728b)  -> (artifact id: '086016fefe3e55e5a032e2acedfc3a33') in 0.012547 seconds
  Import took 0.016431 seconds .

========================================================================
Received Import Request.
  Time since last request: 15.719239 seconds.
  path: Assets/_MisAssets/Scripts
  artifactKey: Guid(c8ce4387bba78964d91fe48e8d639b17) Importer(815301076,1909f56bfc062723c751e8b465ee728b)
Start importing Assets/_MisAssets/Scripts using Guid(c8ce4387bba78964d91fe48e8d639b17) Importer(815301076,1909f56bfc062723c751e8b465ee728b)  -> (artifact id: 'a619d55ab501824460b9cc64daecd733') in 0.014333 seconds
  Import took 0.016872 seconds .

========================================================================
Received Import Request.
  Time since last request: 1690.945581 seconds.
  path: Assets/_MisAssets/Scripts/Character.cs
  artifactKey: Guid(3544536ceda7dd742bc582111d981fb3) Importer(815301076,1909f56bfc062723c751e8b465ee728b)
Start importing Assets/_MisAssets/Scripts/Character.cs using Guid(3544536ceda7dd742bc582111d981fb3) Importer(815301076,1909f56bfc062723c751e8b465ee728b)  -> (artifact id: '3f47bfd2c7d21bcf2fc73b1b6202beb6') in 0.174840 seconds
  Import took 0.178148 seconds .

========================================================================
Received Prepare
Registering precompiled user dll's ...
Registered in 0.001365 seconds.
Begin MonoManager ReloadAssembly
Native extension for WindowsStandalone target not found
Native extension for WebGL target not found
Refreshing native plugins compatible for Editor in 0.30 ms, found 0 plugins.
Preloading 0 native plugins for Editor in 0.00 ms.
Invoked RoslynAnalysisRunner static constructor.
RoslynAnalysisRunner will not be running.
RoslynAnalysisRunner has terminated.
Mono: successfully reloaded assembly
- Completed reload, in  1.249 seconds
Platform modules already initialized, skipping
Script is not up to date after domain reload: guid(907f4e66edeac8e40862ef03af4e4c94) path("Assets/_MisAssets/Scripts/ICharacter.cs") state(2)
Refreshing native plugins compatible for Editor in 0.49 ms, found 0 plugins.
Preloading 0 native plugins for Editor in 0.00 ms.
Unloading 1109 Unused Serialized files (Serialized files now loaded: 0)
System memory in use before: 56.8 MB.
System memory in use after: 56.9 MB.

Unloading 5 unused Assets to reduce memory usage. Loaded Objects now: 1559.
Total: 2.731800 ms (FindLiveObjects: 0.231100 ms CreateObjectMapping: 0.123500 ms MarkObjects: 2.293900 ms  DeleteObjects: 0.081700 ms)

========================================================================
Received Import Request.
  Time since last request: 10.337893 seconds.
  path: Assets/_MisAssets/Scripts/ICharacter.cs
  artifactKey: Guid(907f4e66edeac8e40862ef03af4e4c94) Importer(815301076,1909f56bfc062723c751e8b465ee728b)
Start importing Assets/_MisAssets/Scripts/ICharacter.cs using Guid(907f4e66edeac8e40862ef03af4e4c94) Importer(815301076,1909f56bfc062723c751e8b465ee728b)  -> (artifact id: '8a7fd648e0a790fa8928f87f271415be') in 0.022048 seconds
  Import took 0.026948 seconds .

========================================================================
Received Prepare
Registering precompiled user dll's ...
Registered in 0.000904 seconds.
Begin MonoManager ReloadAssembly
Native extension for WindowsStandalone target not found
Native extension for WebGL target not found
Refreshing native plugins compatible for Editor in 0.24 ms, found 0 plugins.
Preloading 0 native plugins for Editor in 0.00 ms.
Invoked RoslynAnalysisRunner static constructor.
RoslynAnalysisRunner will not be running.
RoslynAnalysisRunner has terminated.
Mono: successfully reloaded assembly
- Completed reload, in  1.106 seconds
Platform modules already initialized, skipping
Refreshing native plugins compatible for Editor in 0.34 ms, found 0 plugins.
Preloading 0 native plugins for Editor in 0.00 ms.
Unloading 1110 Unused Serialized files (Serialized files now loaded: 0)
System memory in use before: 56.9 MB.
System memory in use after: 57.0 MB.

Unloading 5 unused Assets to reduce memory usage. Loaded Objects now: 1563.
Total: 2.846200 ms (FindLiveObjects: 0.170900 ms CreateObjectMapping: 0.083400 ms MarkObjects: 2.520700 ms  DeleteObjects: 0.069500 ms)

========================================================================
Received Import Request.
  Time since last request: 72.506530 seconds.
  path: Assets/_MisAssets/Scripts/PositionObserver.cs
  artifactKey: Guid(e61128ed2cdd60f4f9e75738e94e545f) Importer(815301076,1909f56bfc062723c751e8b465ee728b)
Start importing Assets/_MisAssets/Scripts/PositionObserver.cs using Guid(e61128ed2cdd60f4f9e75738e94e545f) Importer(815301076,1909f56bfc062723c751e8b465ee728b)  -> (artifact id: '3ce44fe2fd7dd53b7c6943cb9fb3bbb9') in 0.016748 seconds
  Import took 0.021865 seconds .

========================================================================
Received Prepare
Registering precompiled user dll's ...
Registered in 0.000888 seconds.
Begin MonoManager ReloadAssembly
Native extension for WindowsStandalone target not found
Native extension for WebGL target not found
Refreshing native plugins compatible for Editor in 0.25 ms, found 0 plugins.
Preloading 0 native plugins for Editor in 0.00 ms.
Invoked RoslynAnalysisRunner static constructor.
RoslynAnalysisRunner will not be running.
RoslynAnalysisRunner has terminated.
Mono: successfully reloaded assembly
- Completed reload, in  1.276 seconds
Platform modules already initialized, skipping
Refreshing native plugins compatible for Editor in 0.27 ms, found 0 plugins.
Preloading 0 native plugins for Editor in 0.00 ms.
Unloading 1111 Unused Serialized files (Serialized files now loaded: 0)
System memory in use before: 56.9 MB.
System memory in use after: 57.0 MB.

Unloading 5 unused Assets to reduce memory usage. Loaded Objects now: 1567.
Total: 2.071600 ms (FindLiveObjects: 0.170900 ms CreateObjectMapping: 0.032300 ms MarkObjects: 1.777100 ms  DeleteObjects: 0.090100 ms)

========================================================================
Received Import Request.
  Time since last request: 15.350910 seconds.
  path: Assets/_MisAssets/Scripts/CharacterInstaller.cs
  artifactKey: Guid(18b4d2cf500213d419c4ba467d10aef5) Importer(815301076,1909f56bfc062723c751e8b465ee728b)
Start importing Assets/_MisAssets/Scripts/CharacterInstaller.cs using Guid(18b4d2cf500213d419c4ba467d10aef5) Importer(815301076,1909f56bfc062723c751e8b465ee728b)  -> (artifact id: '639d7747a358ea11f6e79c668e467cf3') in 0.052250 seconds
  Import took 0.056222 seconds .

========================================================================
Received Prepare
Registering precompiled user dll's ...
Registered in 0.000914 seconds.
Begin MonoManager ReloadAssembly
Native extension for WindowsStandalone target not found
Native extension for WebGL target not found
Refreshing native plugins compatible for Editor in 0.22 ms, found 0 plugins.
Preloading 0 native plugins for Editor in 0.00 ms.
Invoked RoslynAnalysisRunner static constructor.
RoslynAnalysisRunner will not be running.
RoslynAnalysisRunner has terminated.
Mono: successfully reloaded assembly
- Completed reload, in  1.103 seconds
Platform modules already initialized, skipping
Refreshing native plugins compatible for Editor in 0.22 ms, found 0 plugins.
Preloading 0 native plugins for Editor in 0.00 ms.
Unloading 1112 Unused Serialized files (Serialized files now loaded: 0)
System memory in use before: 56.9 MB.
System memory in use after: 57.0 MB.

Unloading 5 unused Assets to reduce memory usage. Loaded Objects now: 1571.
Total: 2.639100 ms (FindLiveObjects: 0.205900 ms CreateObjectMapping: 0.096800 ms MarkObjects: 2.247600 ms  DeleteObjects: 0.087200 ms)

========================================================================
Received Prepare
Registering precompiled user dll's ...
Registered in 0.000849 seconds.
Begin MonoManager ReloadAssembly
Native extension for WindowsStandalone target not found
Native extension for WebGL target not found
Refreshing native plugins compatible for Editor in 0.22 ms, found 0 plugins.
Preloading 0 native plugins for Editor in 0.00 ms.
Invoked RoslynAnalysisRunner static constructor.
RoslynAnalysisRunner will not be running.
RoslynAnalysisRunner has terminated.
Mono: successfully reloaded assembly
- Completed reload, in  1.328 seconds
Platform modules already initialized, skipping
Refreshing native plugins compatible for Editor in 0.28 ms, found 0 plugins.
Preloading 0 native plugins for Editor in 0.00 ms.
Unloading 1112 Unused Serialized files (Serialized files now loaded: 0)
System memory in use before: 57.0 MB.
System memory in use after: 57.0 MB.

Unloading 5 unused Assets to reduce memory usage. Loaded Objects now: 1574.
Total: 2.332200 ms (FindLiveObjects: 0.228000 ms CreateObjectMapping: 0.058600 ms MarkObjects: 1.950600 ms  DeleteObjects: 0.093300 ms)

========================================================================
Received Import Request.
  Time since last request: 171.144656 seconds.
  path: Assets/_MisAssets/Scripts/CharacterInstaller.cs
  artifactKey: Guid(18b4d2cf500213d419c4ba467d10aef5) Importer(815301076,1909f56bfc062723c751e8b465ee728b)
Start importing Assets/_MisAssets/Scripts/CharacterInstaller.cs using Guid(18b4d2cf500213d419c4ba467d10aef5) Importer(815301076,1909f56bfc062723c751e8b465ee728b)  -> (artifact id: '6b16e8513e469613deff787e3b893c8a') in 0.009532 seconds
  Import took 0.011721 seconds .

========================================================================
Received Import Request.
  Time since last request: 7.370191 seconds.
  path: Assets/Plugins
  artifactKey: Guid(9b2c301688041e54c9267ce51ad8934b) Importer(815301076,1909f56bfc062723c751e8b465ee728b)
Start importing Assets/Plugins using Guid(9b2c301688041e54c9267ce51ad8934b) Importer(815301076,1909f56bfc062723c751e8b465ee728b)  -> (artifact id: '090dccf72d19901778849b008b8b1c14') in 0.021821 seconds
  Import took 0.028900 seconds .

========================================================================
Received Prepare
Registering precompiled user dll's ...
Registered in 0.001887 seconds.
Begin MonoManager ReloadAssembly
Native extension for WindowsStandalone target not found
Native extension for WebGL target not found
Refreshing native plugins compatible for Editor in 0.21 ms, found 0 plugins.
Preloading 0 native plugins for Editor in 0.00 ms.
Invoked RoslynAnalysisRunner static constructor.
RoslynAnalysisRunner will not be running.
RoslynAnalysisRunner has terminated.
Mono: successfully reloaded assembly
- Completed reload, in  1.295 seconds
Platform modules already initialized, skipping
Refreshing native plugins compatible for Editor in 0.39 ms, found 0 plugins.
Preloading 0 native plugins for Editor in 0.00 ms.
Unloading 1113 Unused Serialized files (Serialized files now loaded: 0)
System memory in use before: 57.0 MB.
System memory in use after: 57.1 MB.

Unloading 6 unused Assets to reduce memory usage. Loaded Objects now: 1577.
Total: 2.054400 ms (FindLiveObjects: 0.168600 ms CreateObjectMapping: 0.056000 ms MarkObjects: 1.759700 ms  DeleteObjects: 0.068100 ms)

========================================================================
Received Prepare
Registering precompiled user dll's ...
Registered in 0.001496 seconds.
Begin MonoManager ReloadAssembly
Native extension for WindowsStandalone target not found
Native extension for WebGL target not found
Refreshing native plugins compatible for Editor in 0.21 ms, found 0 plugins.
Preloading 0 native plugins for Editor in 0.00 ms.
Invoked RoslynAnalysisRunner static constructor.
RoslynAnalysisRunner will not be running.
RoslynAnalysisRunner has terminated.
Mono: successfully reloaded assembly
- Completed reload, in  1.251 seconds
Platform modules already initialized, skipping
Refreshing native plugins compatible for Editor in 0.33 ms, found 0 plugins.
Preloading 0 native plugins for Editor in 0.00 ms.
Unloading 1113 Unused Serialized files (Serialized files now loaded: 0)
System memory in use before: 57.0 MB.
System memory in use after: 57.1 MB.

Unloading 6 unused Assets to reduce memory usage. Loaded Objects now: 1580.
Total: 2.071200 ms (FindLiveObjects: 0.187600 ms CreateObjectMapping: 0.040400 ms MarkObjects: 1.783200 ms  DeleteObjects: 0.057900 ms)

========================================================================
Received Import Request.
  Time since last request: 327.284839 seconds.
  path: Assets/_MisAssets/Scripts/PositionObserver.cs
  artifactKey: Guid(e61128ed2cdd60f4f9e75738e94e545f) Importer(815301076,1909f56bfc062723c751e8b465ee728b)
Start importing Assets/_MisAssets/Scripts/PositionObserver.cs using Guid(e61128ed2cdd60f4f9e75738e94e545f) Importer(815301076,1909f56bfc062723c751e8b465ee728b)  -> (artifact id: 'cabde6a4309ded82322d70c08cdb28fe') in 0.009072 seconds
  Import took 0.011442 seconds .

========================================================================
Received Import Request.
  Time since last request: 1.156827 seconds.
  path: Assets/Plugins/ExtraUnityEvents.dll
  artifactKey: Guid(caa1fe138d43d4f40b3a72abbae90999) Importer(815301076,1909f56bfc062723c751e8b465ee728b)
Start importing Assets/Plugins/ExtraUnityEvents.dll using Guid(caa1fe138d43d4f40b3a72abbae90999) Importer(815301076,1909f56bfc062723c751e8b465ee728b)  -> (artifact id: '0538e5c7457734c4e39f714cef5e0840') in 0.017627 seconds
  Import took 0.020201 seconds .

========================================================================
Received Import Request.
  Time since last request: 0.043299 seconds.
  path: Assets/Plugins/ExtraUnityEvents.dll
  artifactKey: Guid(caa1fe138d43d4f40b3a72abbae90999) Importer(815301076,1909f56bfc062723c751e8b465ee728b)
Start importing Assets/Plugins/ExtraUnityEvents.dll using Guid(caa1fe138d43d4f40b3a72abbae90999) Importer(815301076,1909f56bfc062723c751e8b465ee728b)  -> (artifact id: '0538e5c7457734c4e39f714cef5e0840') in 0.005076 seconds
  Import took 0.007336 seconds .

========================================================================
Received Prepare
Registering precompiled user dll's ...
Registered in 0.002308 seconds.
Begin MonoManager ReloadAssembly
Native extension for WindowsStandalone target not found
Native extension for WebGL target not found
Refreshing native plugins compatible for Editor in 0.39 ms, found 0 plugins.
Preloading 0 native plugins for Editor in 0.00 ms.
Invoked RoslynAnalysisRunner static constructor.
RoslynAnalysisRunner will not be running.
RoslynAnalysisRunner has terminated.
Mono: successfully reloaded assembly
- Completed reload, in  1.300 seconds
Platform modules already initialized, skipping
Refreshing native plugins compatible for Editor in 0.28 ms, found 0 plugins.
Preloading 0 native plugins for Editor in 0.00 ms.
Unloading 1113 Unused Serialized files (Serialized files now loaded: 0)
System memory in use before: 57.0 MB.
System memory in use after: 57.1 MB.

Unloading 6 unused Assets to reduce memory usage. Loaded Objects now: 1583.
Total: 2.904500 ms (FindLiveObjects: 0.567500 ms CreateObjectMapping: 0.093800 ms MarkObjects: 2.143000 ms  DeleteObjects: 0.098000 ms)

AssetImportWorkerClient::OnTransportError - code=2 error=End of file
