Using pre-set license
Built from '2020.3/release' branch; Version is '2020.3.1f1 (77a89f25062f) revision 7841951'; Using compiler version '192528614'; Build Type 'Release'
OS: 'Windows 10 Pro; OS build 19041.985; Version 2004; 64bit' Language: 'es' Physical Memory: 16268 MB
BatchMode: 1, IsHumanControllingUs: 0, StartBugReporterOnCrash: 0, Is64bit: 1, IsPro: 0

 COMMAND LINE ARGUMENTS:
C:\Program Files\Unity\Hub\Editor\2020.3.1f1\Editor\Unity.exe
-adb2
-batchMode
-noUpm
-name
AssetImportWorker3
-projectPath
C:/Users/Julen/Desktop/Julen/Unity/UEMGalacticJam/UEMGalacticJam
-logFile
Logs/AssetImportWorker3.log
-srvPort
51498
Successfully changed project path to: C:/Users/Julen/Desktop/Julen/Unity/UEMGalacticJam/UEMGalacticJam
C:/Users/Julen/Desktop/Julen/Unity/UEMGalacticJam/UEMGalacticJam
Using Asset Import Pipeline V2.
Refreshing native plugins compatible for Editor in 99.31 ms, found 0 plugins.
Preloading 0 native plugins for Editor in 0.00 ms.
Initialize engine version: 2020.3.1f1 (77a89f25062f)
[Subsystems] Discovering subsystems at path C:/Program Files/Unity/Hub/Editor/2020.3.1f1/Editor/Data/Resources/UnitySubsystems
[Subsystems] Discovering subsystems at path C:/Users/Julen/Desktop/Julen/Unity/UEMGalacticJam/UEMGalacticJam/Assets
GfxDevice: creating device client; threaded=0
Direct3D:
    Version:  Direct3D 11.0 [level 11.1]
    Renderer: NVIDIA GeForce GTX 1050 (ID=0x1c8d)
    Vendor:   
    VRAM:     4021 MB
    Driver:   27.21.14.6627
Initialize mono
Mono path[0] = 'C:/Program Files/Unity/Hub/Editor/2020.3.1f1/Editor/Data/Managed'
Mono path[1] = 'C:/Program Files/Unity/Hub/Editor/2020.3.1f1/Editor/Data/MonoBleedingEdge/lib/mono/unityjit'
Mono config path = 'C:/Program Files/Unity/Hub/Editor/2020.3.1f1/Editor/Data/MonoBleedingEdge/etc'
Using monoOptions --debugger-agent=transport=dt_socket,embedding=1,server=y,suspend=n,address=127.0.0.1:56920
Begin MonoManager ReloadAssembly
Registering precompiled unity dll's ...
Register platform support module: C:/Program Files/Unity/Hub/Editor/2020.3.1f1/Editor/Data/PlaybackEngines/WebGLSupport/UnityEditor.WebGL.Extensions.dll
Register platform support module: C:/Program Files/Unity/Hub/Editor/2020.3.1f1/Editor/Data/PlaybackEngines/WindowsStandaloneSupport/UnityEditor.WindowsStandalone.Extensions.dll
Registered in 0.014400 seconds.
Native extension for WindowsStandalone target not found
Native extension for WebGL target not found
Refreshing native plugins compatible for Editor in 93.77 ms, found 0 plugins.
Preloading 0 native plugins for Editor in 0.00 ms.
Invoked RoslynAnalysisRunner static constructor.
RoslynAnalysisRunner will not be running.
RoslynAnalysisRunner has terminated.
Mono: successfully reloaded assembly
- Completed reload, in 10.207 seconds
Platform modules already initialized, skipping
Registering precompiled user dll's ...
Registered in 0.006035 seconds.
Begin MonoManager ReloadAssembly
Native extension for WindowsStandalone target not found
Native extension for WebGL target not found
Refreshing native plugins compatible for Editor in 0.70 ms, found 0 plugins.
Preloading 0 native plugins for Editor in 0.00 ms.
Invoked RoslynAnalysisRunner static constructor.
RoslynAnalysisRunner will not be running.
RoslynAnalysisRunner has terminated.
Mono: successfully reloaded assembly
- Completed reload, in  9.417 seconds
Platform modules already initialized, skipping
========================================================================
Worker process is ready to serve import requests
Launched and connected shader compiler UnityShaderCompiler.exe after 0.36 seconds
Refreshing native plugins compatible for Editor in 1.18 ms, found 0 plugins.
Preloading 0 native plugins for Editor in 0.00 ms.
Unloading 1118 Unused Serialized files (Serialized files now loaded: 0)
System memory in use before: 57.4 MB.
System memory in use after: 57.4 MB.

Unloading 11 unused Assets to reduce memory usage. Loaded Objects now: 1560.
Total: 8.479300 ms (FindLiveObjects: 1.218900 ms CreateObjectMapping: 0.669900 ms MarkObjects: 6.276800 ms  DeleteObjects: 0.308200 ms)

========================================================================
Received Import Request.
  path: Assets/_MisAssets/Materials/New Material.mat
  artifactKey: Guid(3655819b08fda1440afd2ccc07070c90) Importer(815301076,1909f56bfc062723c751e8b465ee728b)
Start importing Assets/_MisAssets/Materials/New Material.mat using Guid(3655819b08fda1440afd2ccc07070c90) Importer(815301076,1909f56bfc062723c751e8b465ee728b)  -> (artifact id: 'e8766f5823430368d274c8b8156fb73b') in 0.679836 seconds
  Import took 0.690513 seconds .

========================================================================
Received Import Request.
  Time since last request: 0.000947 seconds.
  path: Assets/_MisAssets/Models/Patatas.fbx
  artifactKey: Guid(c5d2c7847585fa644b27aff29eb52697) Importer(815301076,1909f56bfc062723c751e8b465ee728b)
Start importing Assets/_MisAssets/Models/Patatas.fbx using Guid(c5d2c7847585fa644b27aff29eb52697) Importer(815301076,1909f56bfc062723c751e8b465ee728b)  -> (artifact id: 'ea7aeee9852ed3a76be39095171de023') in 0.680603 seconds
  Import took 0.690373 seconds .

========================================================================
Received Import Request.
  Time since last request: 11.364676 seconds.
  path: Assets/_MisAssets/Materials
  artifactKey: Guid(6ccf577689a38644a8c5c98f755c284e) Importer(815301076,1909f56bfc062723c751e8b465ee728b)
Start importing Assets/_MisAssets/Materials using Guid(6ccf577689a38644a8c5c98f755c284e) Importer(815301076,1909f56bfc062723c751e8b465ee728b)  -> (artifact id: '66ceeebc59c56dacc2fe85af57e7e08c') in 0.026160 seconds
  Import took 0.033765 seconds .

========================================================================
Received Import Request.
  Time since last request: 0.012681 seconds.
  path: Assets/_MisAssets/Materials
  artifactKey: Guid(6ccf577689a38644a8c5c98f755c284e) Importer(815301076,1909f56bfc062723c751e8b465ee728b)
Start importing Assets/_MisAssets/Materials using Guid(6ccf577689a38644a8c5c98f755c284e) Importer(815301076,1909f56bfc062723c751e8b465ee728b)  -> (artifact id: '66ceeebc59c56dacc2fe85af57e7e08c') in 0.008263 seconds
  Import took 0.014268 seconds .

